0 info it worked if it ends with ok
1 verbose cli [ 'node', '/usr/local/bin/npm', 'update', '-g', 'yeoman' ]
2 info using npm@1.1.61
3 info using node@v0.8.9
4 verbose read json /usr/local/lib/package.json
5 verbose read json /usr/local/lib/node_modules/bower/package.json
6 verbose read json /usr/local/lib/node_modules/coffee-script/package.json
7 verbose read json /usr/local/lib/node_modules/grunt/package.json
8 verbose read json /usr/local/lib/node_modules/jshint/package.json
9 verbose read json /usr/local/lib/node_modules/mocha/package.json
10 verbose read json /usr/local/lib/node_modules/npm/package.json
11 verbose read json /usr/local/lib/node_modules/phantomjs/package.json
12 verbose read json /usr/local/lib/node_modules/typescript/package.json
13 verbose read json /usr/local/lib/node_modules/yeoman/package.json
14 verbose from cache /usr/local/lib/node_modules/bower/package.json
15 verbose cache add [ 'yeoman', '*' ]
16 silly cache add name="yeoman" spec="*" args=["yeoman","*"]
17 verbose parsed url { pathname: '*', path: '*', href: '*' }
18 verbose addNamed [ 'yeoman', '*' ]
19 verbose addNamed [ null, '' ]
20 verbose from cache /usr/local/lib/node_modules/mocha/package.json
21 verbose from cache /usr/local/lib/node_modules/phantomjs/package.json
22 verbose from cache /usr/local/lib/node_modules/typescript/package.json
23 verbose from cache /usr/local/lib/node_modules/npm/package.json
24 verbose from cache /usr/local/lib/node_modules/jshint/package.json
25 verbose from cache /usr/local/lib/node_modules/coffee-script/package.json
26 verbose from cache /usr/local/lib/node_modules/grunt/package.json
27 verbose read json /usr/local/lib/node_modules/bower/node_modules/.bin/package.json
28 verbose read json /usr/local/lib/node_modules/bower/node_modules/archy/package.json
29 verbose read json /usr/local/lib/node_modules/bower/node_modules/async/package.json
30 verbose read json /usr/local/lib/node_modules/bower/node_modules/colors/package.json
31 verbose read json /usr/local/lib/node_modules/bower/node_modules/fstream/package.json
32 verbose read json /usr/local/lib/node_modules/bower/node_modules/glob/package.json
33 verbose read json /usr/local/lib/node_modules/bower/node_modules/hogan.js/package.json
34 verbose read json /usr/local/lib/node_modules/bower/node_modules/lodash/package.json
35 verbose read json /usr/local/lib/node_modules/bower/node_modules/mkdirp/package.json
36 verbose read json /usr/local/lib/node_modules/bower/node_modules/nopt/package.json
37 verbose read json /usr/local/lib/node_modules/bower/node_modules/rc/package.json
38 verbose read json /usr/local/lib/node_modules/bower/node_modules/read-package-json/package.json
39 verbose read json /usr/local/lib/node_modules/bower/node_modules/request/package.json
40 verbose read json /usr/local/lib/node_modules/bower/node_modules/rimraf/package.json
41 verbose read json /usr/local/lib/node_modules/bower/node_modules/semver/package.json
42 verbose read json /usr/local/lib/node_modules/bower/node_modules/stable/package.json
43 verbose read json /usr/local/lib/node_modules/bower/node_modules/tar/package.json
44 verbose read json /usr/local/lib/node_modules/bower/node_modules/tmp/package.json
45 verbose read json /usr/local/lib/node_modules/bower/node_modules/unzip/package.json
46 verbose read json /usr/local/lib/node_modules/bower/node_modules/vows/package.json
47 verbose read json /usr/local/lib/node_modules/mocha/node_modules/.bin/package.json
48 verbose read json /usr/local/lib/node_modules/mocha/node_modules/commander/package.json
49 verbose read json /usr/local/lib/node_modules/mocha/node_modules/debug/package.json
50 verbose read json /usr/local/lib/node_modules/mocha/node_modules/diff/package.json
51 verbose read json /usr/local/lib/node_modules/mocha/node_modules/growl/package.json
52 verbose read json /usr/local/lib/node_modules/mocha/node_modules/jade/package.json
53 verbose read json /usr/local/lib/node_modules/mocha/node_modules/mkdirp/package.json
54 verbose read json /usr/local/lib/node_modules/mocha/node_modules/ms/package.json
55 verbose read json /usr/local/lib/node_modules/jshint/node_modules/cli/package.json
56 verbose read json /usr/local/lib/node_modules/jshint/node_modules/minimatch/package.json
57 verbose read json /usr/local/lib/node_modules/npm/node_modules/.bin/package.json
58 verbose read json /usr/local/lib/node_modules/npm/node_modules/abbrev/package.json
59 verbose read json /usr/local/lib/node_modules/npm/node_modules/ansi/package.json
60 verbose read json /usr/local/lib/node_modules/npm/node_modules/archy/package.json
61 verbose read json /usr/local/lib/node_modules/npm/node_modules/block-stream/package.json
62 verbose read json /usr/local/lib/node_modules/npm/node_modules/chownr/package.json
63 verbose read json /usr/local/lib/node_modules/npm/node_modules/couch-login/package.json
64 verbose read json /usr/local/lib/node_modules/npm/node_modules/fstream/package.json
65 verbose read json /usr/local/lib/node_modules/npm/node_modules/fstream-npm/package.json
66 verbose read json /usr/local/lib/node_modules/npm/node_modules/glob/package.json
67 verbose read json /usr/local/lib/node_modules/npm/node_modules/graceful-fs/package.json
68 verbose read json /usr/local/lib/node_modules/npm/node_modules/inherits/package.json
69 verbose read json /usr/local/lib/node_modules/npm/node_modules/ini/package.json
70 verbose read json /usr/local/lib/node_modules/npm/node_modules/init-package-json/package.json
71 verbose read json /usr/local/lib/node_modules/npm/node_modules/lockfile/package.json
72 verbose read json /usr/local/lib/node_modules/npm/node_modules/lru-cache/package.json
73 verbose read json /usr/local/lib/node_modules/npm/node_modules/minimatch/package.json
74 verbose read json /usr/local/lib/node_modules/npm/node_modules/mkdirp/package.json
75 verbose read json /usr/local/lib/node_modules/npm/node_modules/node-gyp/package.json
76 verbose read json /usr/local/lib/node_modules/npm/node_modules/node-uuid/package.json
77 verbose read json /usr/local/lib/node_modules/npm/node_modules/nopt/package.json
78 verbose read json /usr/local/lib/node_modules/npm/node_modules/npm-registry-client/package.json
79 verbose read json /usr/local/lib/node_modules/npm/node_modules/npmconf/package.json
80 verbose read json /usr/local/lib/node_modules/npm/node_modules/npmlog/package.json
81 verbose read json /usr/local/lib/node_modules/npm/node_modules/once/package.json
82 verbose read json /usr/local/lib/node_modules/npm/node_modules/osenv/package.json
83 verbose read json /usr/local/lib/node_modules/npm/node_modules/proto-list/package.json
84 verbose read json /usr/local/lib/node_modules/npm/node_modules/read/package.json
85 verbose read json /usr/local/lib/node_modules/npm/node_modules/read-installed/package.json
86 verbose read json /usr/local/lib/node_modules/npm/node_modules/read-package-json/package.json
87 verbose read json /usr/local/lib/node_modules/npm/node_modules/request/package.json
88 verbose read json /usr/local/lib/node_modules/npm/node_modules/retry/package.json
89 verbose read json /usr/local/lib/node_modules/npm/node_modules/rimraf/package.json
90 verbose read json /usr/local/lib/node_modules/npm/node_modules/semver/package.json
91 verbose read json /usr/local/lib/node_modules/npm/node_modules/slide/package.json
92 verbose read json /usr/local/lib/node_modules/npm/node_modules/tar/package.json
93 verbose read json /usr/local/lib/node_modules/npm/node_modules/uid-number/package.json
94 verbose read json /usr/local/lib/node_modules/npm/node_modules/which/package.json
95 verbose read json /usr/local/lib/node_modules/grunt/node_modules/.bin/package.json
96 verbose read json /usr/local/lib/node_modules/grunt/node_modules/async/package.json
97 verbose read json /usr/local/lib/node_modules/grunt/node_modules/colors/package.json
98 verbose read json /usr/local/lib/node_modules/grunt/node_modules/connect/package.json
99 verbose read json /usr/local/lib/node_modules/grunt/node_modules/dateformat/package.json
100 verbose read json /usr/local/lib/node_modules/grunt/node_modules/glob-whatev/package.json
101 verbose read json /usr/local/lib/node_modules/grunt/node_modules/gzip-js/package.json
102 verbose read json /usr/local/lib/node_modules/grunt/node_modules/hooker/package.json
103 verbose read json /usr/local/lib/node_modules/grunt/node_modules/jshint/package.json
104 verbose read json /usr/local/lib/node_modules/grunt/node_modules/nodeunit/package.json
105 verbose read json /usr/local/lib/node_modules/grunt/node_modules/nopt/package.json
106 verbose read json /usr/local/lib/node_modules/grunt/node_modules/prompt/package.json
107 verbose read json /usr/local/lib/node_modules/grunt/node_modules/semver/package.json
108 verbose read json /usr/local/lib/node_modules/grunt/node_modules/temporary/package.json
109 verbose read json /usr/local/lib/node_modules/grunt/node_modules/uglify-js/package.json
110 verbose read json /usr/local/lib/node_modules/grunt/node_modules/underscore/package.json
111 verbose read json /usr/local/lib/node_modules/grunt/node_modules/underscore.string/package.json
112 silly lockFile fd94f358-yeoman yeoman@*
113 verbose lock yeoman@* /Users/remcoder/.npm/fd94f358-yeoman.lock
114 silly addNameRange { name: 'yeoman', range: '', hasData: false }
115 warn package.json connect@2.3.9 No README.md file found!
116 verbose url raw yeoman
117 verbose url resolving [ 'https://registry.npmjs.org/', './yeoman' ]
118 verbose url resolved https://registry.npmjs.org/yeoman
119 info trying registry request attempt 1 at 17:19:18
120 verbose etag "2V3KNVESJEHKZNYAR1EG6GCC3"
121 http GET https://registry.npmjs.org/yeoman
122 verbose from cache /usr/local/lib/node_modules/bower/node_modules/tmp/package.json
123 verbose from cache /usr/local/lib/node_modules/bower/node_modules/vows/package.json
124 verbose from cache /usr/local/lib/node_modules/bower/node_modules/glob/package.json
125 verbose from cache /usr/local/lib/node_modules/bower/node_modules/nopt/package.json
126 verbose from cache /usr/local/lib/node_modules/bower/node_modules/archy/package.json
127 verbose from cache /usr/local/lib/node_modules/bower/node_modules/async/package.json
128 verbose from cache /usr/local/lib/node_modules/bower/node_modules/colors/package.json
129 verbose from cache /usr/local/lib/node_modules/bower/node_modules/rimraf/package.json
130 verbose from cache /usr/local/lib/node_modules/bower/node_modules/mkdirp/package.json
131 verbose from cache /usr/local/lib/node_modules/bower/node_modules/semver/package.json
132 verbose from cache /usr/local/lib/node_modules/bower/node_modules/request/package.json
133 verbose from cache /usr/local/lib/node_modules/bower/node_modules/fstream/package.json
134 verbose from cache /usr/local/lib/node_modules/bower/node_modules/hogan.js/package.json
135 verbose from cache /usr/local/lib/node_modules/bower/node_modules/lodash/package.json
136 verbose from cache /usr/local/lib/node_modules/bower/node_modules/read-package-json/package.json
137 verbose from cache /usr/local/lib/node_modules/bower/node_modules/stable/package.json
138 verbose from cache /usr/local/lib/node_modules/bower/node_modules/rc/package.json
139 verbose from cache /usr/local/lib/node_modules/bower/node_modules/unzip/package.json
140 verbose from cache /usr/local/lib/node_modules/bower/node_modules/tar/package.json
141 verbose from cache /usr/local/lib/node_modules/mocha/node_modules/commander/package.json
142 verbose from cache /usr/local/lib/node_modules/mocha/node_modules/growl/package.json
143 verbose from cache /usr/local/lib/node_modules/mocha/node_modules/jade/package.json
144 verbose from cache /usr/local/lib/node_modules/mocha/node_modules/diff/package.json
145 verbose from cache /usr/local/lib/node_modules/mocha/node_modules/debug/package.json
146 verbose from cache /usr/local/lib/node_modules/mocha/node_modules/mkdirp/package.json
147 verbose from cache /usr/local/lib/node_modules/mocha/node_modules/ms/package.json
148 verbose from cache /usr/local/lib/node_modules/jshint/node_modules/cli/package.json
149 verbose from cache /usr/local/lib/node_modules/jshint/node_modules/minimatch/package.json
150 verbose from cache /usr/local/lib/node_modules/npm/node_modules/semver/package.json
151 verbose from cache /usr/local/lib/node_modules/npm/node_modules/ini/package.json
152 verbose from cache /usr/local/lib/node_modules/npm/node_modules/slide/package.json
153 verbose from cache /usr/local/lib/node_modules/npm/node_modules/abbrev/package.json
154 verbose from cache /usr/local/lib/node_modules/npm/node_modules/graceful-fs/package.json
155 verbose from cache /usr/local/lib/node_modules/npm/node_modules/minimatch/package.json
156 verbose from cache /usr/local/lib/node_modules/npm/node_modules/nopt/package.json
157 verbose from cache /usr/local/lib/node_modules/npm/node_modules/rimraf/package.json
158 verbose from cache /usr/local/lib/node_modules/npm/node_modules/request/package.json
159 verbose from cache /usr/local/lib/node_modules/npm/node_modules/which/package.json
160 verbose from cache /usr/local/lib/node_modules/npm/node_modules/tar/package.json
161 verbose from cache /usr/local/lib/node_modules/npm/node_modules/fstream/package.json
162 verbose from cache /usr/local/lib/node_modules/npm/node_modules/block-stream/package.json
163 verbose from cache /usr/local/lib/node_modules/npm/node_modules/inherits/package.json
164 verbose from cache /usr/local/lib/node_modules/npm/node_modules/mkdirp/package.json
165 verbose from cache /usr/local/lib/node_modules/npm/node_modules/read/package.json
166 verbose from cache /usr/local/lib/node_modules/npm/node_modules/lru-cache/package.json
167 verbose from cache /usr/local/lib/node_modules/npm/node_modules/node-gyp/package.json
168 verbose from cache /usr/local/lib/node_modules/npm/node_modules/fstream-npm/package.json
169 verbose from cache /usr/local/lib/node_modules/npm/node_modules/uid-number/package.json
170 verbose from cache /usr/local/lib/node_modules/npm/node_modules/archy/package.json
171 verbose from cache /usr/local/lib/node_modules/npm/node_modules/chownr/package.json
172 verbose from cache /usr/local/lib/node_modules/npm/node_modules/npmlog/package.json
173 verbose from cache /usr/local/lib/node_modules/npm/node_modules/ansi/package.json
174 verbose from cache /usr/local/lib/node_modules/npm/node_modules/npm-registry-client/package.json
175 verbose from cache /usr/local/lib/node_modules/npm/node_modules/read-package-json/package.json
176 verbose from cache /usr/local/lib/node_modules/npm/node_modules/read-installed/package.json
177 verbose from cache /usr/local/lib/node_modules/npm/node_modules/glob/package.json
178 verbose from cache /usr/local/lib/node_modules/npm/node_modules/init-package-json/package.json
179 verbose from cache /usr/local/lib/node_modules/npm/node_modules/osenv/package.json
180 verbose from cache /usr/local/lib/node_modules/npm/node_modules/lockfile/package.json
181 verbose from cache /usr/local/lib/node_modules/npm/node_modules/retry/package.json
182 verbose from cache /usr/local/lib/node_modules/npm/node_modules/couch-login/package.json
183 verbose from cache /usr/local/lib/node_modules/npm/node_modules/once/package.json
184 verbose from cache /usr/local/lib/node_modules/npm/node_modules/npmconf/package.json
185 verbose read json /usr/local/lib/node_modules/bower/node_modules/glob/node_modules/graceful-fs/package.json
186 verbose read json /usr/local/lib/node_modules/bower/node_modules/glob/node_modules/inherits/package.json
187 verbose read json /usr/local/lib/node_modules/bower/node_modules/glob/node_modules/minimatch/package.json
188 verbose read json /usr/local/lib/node_modules/bower/node_modules/vows/node_modules/diff/package.json
189 verbose read json /usr/local/lib/node_modules/bower/node_modules/vows/node_modules/eyes/package.json
190 verbose read json /usr/local/lib/node_modules/bower/node_modules/nopt/node_modules/abbrev/package.json
191 verbose read json /usr/local/lib/node_modules/bower/node_modules/fstream/node_modules/graceful-fs/package.json
192 verbose read json /usr/local/lib/node_modules/bower/node_modules/fstream/node_modules/inherits/package.json
193 verbose read json /usr/local/lib/node_modules/bower/node_modules/request/node_modules/form-data/package.json
194 verbose read json /usr/local/lib/node_modules/bower/node_modules/request/node_modules/mime/package.json
195 verbose read json /usr/local/lib/node_modules/bower/node_modules/rimraf/node_modules/graceful-fs/package.json
196 verbose read json /usr/local/lib/node_modules/bower/node_modules/read-package-json/node_modules/graceful-fs/package.json
197 verbose read json /usr/local/lib/node_modules/bower/node_modules/read-package-json/node_modules/lru-cache/package.json
198 verbose read json /usr/local/lib/node_modules/bower/node_modules/read-package-json/node_modules/npmlog/package.json
199 verbose read json /usr/local/lib/node_modules/bower/node_modules/read-package-json/node_modules/slide/package.json
200 verbose read json /usr/local/lib/node_modules/bower/node_modules/tar/node_modules/block-stream/package.json
201 verbose read json /usr/local/lib/node_modules/bower/node_modules/tar/node_modules/inherits/package.json
202 verbose read json /usr/local/lib/node_modules/bower/node_modules/rc/node_modules/config-chain/package.json
203 verbose read json /usr/local/lib/node_modules/bower/node_modules/rc/node_modules/optimist/package.json
204 verbose read json /usr/local/lib/node_modules/bower/node_modules/unzip/node_modules/binary/package.json
205 verbose read json /usr/local/lib/node_modules/bower/node_modules/unzip/node_modules/pullstream/package.json
206 verbose read json /usr/local/lib/node_modules/mocha/node_modules/jade/node_modules/mkdirp/package.json
207 verbose read json /usr/local/lib/node_modules/jshint/node_modules/cli/node_modules/glob/package.json
208 verbose read json /usr/local/lib/node_modules/jshint/node_modules/minimatch/node_modules/lru-cache/package.json
209 verbose read json /usr/local/lib/node_modules/npm/node_modules/read/node_modules/mute-stream/package.json
210 verbose read json /usr/local/lib/node_modules/npm/node_modules/fstream-npm/node_modules/fstream-ignore/package.json
211 verbose read json /usr/local/lib/node_modules/npm/node_modules/init-package-json/node_modules/promzard/package.json
212 verbose read json /usr/local/lib/node_modules/npm/node_modules/npmconf/node_modules/config-chain/package.json
213 verbose from cache /usr/local/lib/node_modules/grunt/node_modules/async/package.json
214 verbose from cache /usr/local/lib/node_modules/grunt/node_modules/colors/package.json
215 verbose from cache /usr/local/lib/node_modules/grunt/node_modules/connect/package.json
216 verbose from cache /usr/local/lib/node_modules/grunt/node_modules/dateformat/package.json
217 verbose from cache /usr/local/lib/node_modules/grunt/node_modules/glob-whatev/package.json
218 verbose from cache /usr/local/lib/node_modules/grunt/node_modules/hooker/package.json
219 verbose from cache /usr/local/lib/node_modules/grunt/node_modules/jshint/package.json
220 verbose from cache /usr/local/lib/node_modules/grunt/node_modules/nodeunit/package.json
221 verbose from cache /usr/local/lib/node_modules/grunt/node_modules/nopt/package.json
222 verbose from cache /usr/local/lib/node_modules/grunt/node_modules/prompt/package.json
223 verbose from cache /usr/local/lib/node_modules/grunt/node_modules/semver/package.json
224 verbose from cache /usr/local/lib/node_modules/grunt/node_modules/uglify-js/package.json
225 verbose from cache /usr/local/lib/node_modules/grunt/node_modules/underscore/package.json
226 verbose from cache /usr/local/lib/node_modules/grunt/node_modules/underscore.string/package.json
227 verbose from cache /usr/local/lib/node_modules/grunt/node_modules/temporary/package.json
228 verbose from cache /usr/local/lib/node_modules/grunt/node_modules/gzip-js/package.json
229 verbose read json /usr/local/lib/node_modules/grunt/node_modules/connect/node_modules/bytes/package.json
230 verbose read json /usr/local/lib/node_modules/grunt/node_modules/connect/node_modules/cookie/package.json
231 verbose read json /usr/local/lib/node_modules/grunt/node_modules/connect/node_modules/crc/package.json
232 verbose read json /usr/local/lib/node_modules/grunt/node_modules/connect/node_modules/debug/package.json
233 verbose read json /usr/local/lib/node_modules/grunt/node_modules/connect/node_modules/formidable/package.json
234 verbose read json /usr/local/lib/node_modules/grunt/node_modules/connect/node_modules/fresh/package.json
235 verbose read json /usr/local/lib/node_modules/grunt/node_modules/connect/node_modules/qs/package.json
236 verbose read json /usr/local/lib/node_modules/grunt/node_modules/connect/node_modules/send/package.json
237 verbose read json /usr/local/lib/node_modules/grunt/node_modules/glob-whatev/node_modules/minimatch/package.json
238 verbose read json /usr/local/lib/node_modules/grunt/node_modules/nodeunit/node_modules/tap-assert/package.json
239 verbose read json /usr/local/lib/node_modules/grunt/node_modules/nodeunit/node_modules/tap-producer/package.json
240 verbose read json /usr/local/lib/node_modules/grunt/node_modules/jshint/node_modules/argsparser/package.json
241 verbose read json /usr/local/lib/node_modules/grunt/node_modules/jshint/node_modules/minimatch/package.json
242 verbose read json /usr/local/lib/node_modules/grunt/node_modules/prompt/node_modules/pkginfo/package.json
243 verbose read json /usr/local/lib/node_modules/grunt/node_modules/prompt/node_modules/winston/package.json
244 verbose read json /usr/local/lib/node_modules/grunt/node_modules/nopt/node_modules/abbrev/package.json
245 verbose read json /usr/local/lib/node_modules/grunt/node_modules/temporary/node_modules/package/package.json
246 verbose read json /usr/local/lib/node_modules/grunt/node_modules/gzip-js/node_modules/.bin/package.json
247 verbose read json /usr/local/lib/node_modules/grunt/node_modules/gzip-js/node_modules/crc32/package.json
248 verbose read json /usr/local/lib/node_modules/grunt/node_modules/gzip-js/node_modules/deflate-js/package.json
249 verbose read json /usr/local/lib/node_modules/npm/node_modules/minimatch/node_modules/lru-cache/package.json
250 verbose read json /usr/local/lib/node_modules/npm/node_modules/nopt/node_modules/abbrev/package.json
251 verbose read json /usr/local/lib/node_modules/npm/node_modules/rimraf/node_modules/graceful-fs/package.json
252 verbose read json /usr/local/lib/node_modules/npm/node_modules/tar/node_modules/inherits/package.json
253 verbose read json /usr/local/lib/node_modules/npm/node_modules/tar/node_modules/block-stream/package.json
254 verbose read json /usr/local/lib/node_modules/npm/node_modules/tar/node_modules/fstream/package.json
255 verbose read json /usr/local/lib/node_modules/npm/node_modules/fstream/node_modules/rimraf/package.json
256 verbose read json /usr/local/lib/node_modules/npm/node_modules/fstream/node_modules/mkdirp/package.json
257 verbose read json /usr/local/lib/node_modules/npm/node_modules/fstream/node_modules/graceful-fs/package.json
258 verbose read json /usr/local/lib/node_modules/npm/node_modules/fstream/node_modules/inherits/package.json
259 verbose read json /usr/local/lib/node_modules/npm/node_modules/block-stream/node_modules/inherits/package.json
260 verbose read json /usr/local/lib/node_modules/npm/node_modules/node-gyp/node_modules/glob/package.json
261 verbose read json /usr/local/lib/node_modules/npm/node_modules/node-gyp/node_modules/graceful-fs/package.json
262 verbose read json /usr/local/lib/node_modules/npm/node_modules/node-gyp/node_modules/fstream/package.json
263 verbose read json /usr/local/lib/node_modules/npm/node_modules/node-gyp/node_modules/minimatch/package.json
264 verbose read json /usr/local/lib/node_modules/npm/node_modules/node-gyp/node_modules/mkdirp/package.json
265 verbose read json /usr/local/lib/node_modules/npm/node_modules/node-gyp/node_modules/nopt/package.json
266 verbose read json /usr/local/lib/node_modules/npm/node_modules/node-gyp/node_modules/npmlog/package.json
267 verbose read json /usr/local/lib/node_modules/npm/node_modules/node-gyp/node_modules/osenv/package.json
268 verbose read json /usr/local/lib/node_modules/npm/node_modules/node-gyp/node_modules/request/package.json
269 verbose read json /usr/local/lib/node_modules/npm/node_modules/node-gyp/node_modules/rimraf/package.json
270 verbose read json /usr/local/lib/node_modules/npm/node_modules/node-gyp/node_modules/semver/package.json
271 verbose read json /usr/local/lib/node_modules/npm/node_modules/node-gyp/node_modules/tar/package.json
272 verbose read json /usr/local/lib/node_modules/npm/node_modules/node-gyp/node_modules/which/package.json
273 verbose read json /usr/local/lib/node_modules/npm/node_modules/npmlog/node_modules/ansi/package.json
274 verbose read json /usr/local/lib/node_modules/npm/node_modules/npm-registry-client/node_modules/request/package.json
275 verbose read json /usr/local/lib/node_modules/npm/node_modules/npm-registry-client/node_modules/graceful-fs/package.json
276 verbose read json /usr/local/lib/node_modules/npm/node_modules/npm-registry-client/node_modules/semver/package.json
277 verbose read json /usr/local/lib/node_modules/npm/node_modules/npm-registry-client/node_modules/slide/package.json
278 verbose read json /usr/local/lib/node_modules/npm/node_modules/npm-registry-client/node_modules/chownr/package.json
279 verbose read json /usr/local/lib/node_modules/npm/node_modules/npm-registry-client/node_modules/mkdirp/package.json
280 verbose read json /usr/local/lib/node_modules/npm/node_modules/npm-registry-client/node_modules/rimraf/package.json
281 verbose read json /usr/local/lib/node_modules/npm/node_modules/npm-registry-client/node_modules/retry/package.json
282 verbose read json /usr/local/lib/node_modules/npm/node_modules/npm-registry-client/node_modules/couch-login/package.json
283 verbose read json /usr/local/lib/node_modules/npm/node_modules/npm-registry-client/node_modules/npmlog/package.json
284 verbose read json /usr/local/lib/node_modules/npm/node_modules/read-package-json/node_modules/glob/package.json
285 verbose read json /usr/local/lib/node_modules/npm/node_modules/read-package-json/node_modules/lru-cache/package.json
286 verbose read json /usr/local/lib/node_modules/npm/node_modules/read-package-json/node_modules/semver/package.json
287 verbose read json /usr/local/lib/node_modules/npm/node_modules/read-package-json/node_modules/slide/package.json
288 verbose read json /usr/local/lib/node_modules/npm/node_modules/read-package-json/node_modules/npmlog/package.json
289 verbose read json /usr/local/lib/node_modules/npm/node_modules/read-package-json/node_modules/graceful-fs/package.json
290 verbose read json /usr/local/lib/node_modules/npm/node_modules/read-installed/node_modules/semver/package.json
291 verbose read json /usr/local/lib/node_modules/npm/node_modules/read-installed/node_modules/slide/package.json
292 verbose read json /usr/local/lib/node_modules/npm/node_modules/read-installed/node_modules/read-package-json/package.json
293 verbose read json /usr/local/lib/node_modules/npm/node_modules/read-installed/node_modules/graceful-fs/package.json
294 verbose read json /usr/local/lib/node_modules/npm/node_modules/read-installed/node_modules/npmlog/package.json
295 verbose read json /usr/local/lib/node_modules/npm/node_modules/glob/node_modules/minimatch/package.json
296 verbose read json /usr/local/lib/node_modules/npm/node_modules/glob/node_modules/graceful-fs/package.json
297 verbose read json /usr/local/lib/node_modules/npm/node_modules/glob/node_modules/inherits/package.json
298 verbose read json /usr/local/lib/node_modules/npm/node_modules/couch-login/node_modules/request/package.json
299 verbose from cache /usr/local/lib/node_modules/bower/node_modules/glob/node_modules/minimatch/package.json
300 verbose from cache /usr/local/lib/node_modules/bower/node_modules/glob/node_modules/graceful-fs/package.json
301 verbose from cache /usr/local/lib/node_modules/bower/node_modules/glob/node_modules/inherits/package.json
302 verbose from cache /usr/local/lib/node_modules/bower/node_modules/vows/node_modules/eyes/package.json
303 verbose from cache /usr/local/lib/node_modules/bower/node_modules/vows/node_modules/diff/package.json
304 verbose from cache /usr/local/lib/node_modules/bower/node_modules/nopt/node_modules/abbrev/package.json
305 verbose read json /usr/local/lib/node_modules/bower/node_modules/fstream/node_modules/rimraf/package.json
306 verbose read json /usr/local/lib/node_modules/bower/node_modules/fstream/node_modules/mkdirp/package.json
307 verbose from cache /usr/local/lib/node_modules/bower/node_modules/fstream/node_modules/graceful-fs/package.json
308 verbose from cache /usr/local/lib/node_modules/bower/node_modules/fstream/node_modules/inherits/package.json
309 verbose from cache /usr/local/lib/node_modules/bower/node_modules/rimraf/node_modules/graceful-fs/package.json
310 verbose read json /usr/local/lib/node_modules/bower/node_modules/read-package-json/node_modules/glob/package.json
311 verbose from cache /usr/local/lib/node_modules/bower/node_modules/read-package-json/node_modules/lru-cache/package.json
312 verbose read json /usr/local/lib/node_modules/bower/node_modules/read-package-json/node_modules/semver/package.json
313 verbose from cache /usr/local/lib/node_modules/bower/node_modules/read-package-json/node_modules/slide/package.json
314 verbose from cache /usr/local/lib/node_modules/bower/node_modules/read-package-json/node_modules/npmlog/package.json
315 verbose from cache /usr/local/lib/node_modules/bower/node_modules/read-package-json/node_modules/graceful-fs/package.json
316 verbose from cache /usr/local/lib/node_modules/bower/node_modules/tar/node_modules/inherits/package.json
317 verbose from cache /usr/local/lib/node_modules/bower/node_modules/tar/node_modules/block-stream/package.json
318 verbose read json /usr/local/lib/node_modules/bower/node_modules/tar/node_modules/fstream/package.json
319 verbose from cache /usr/local/lib/node_modules/bower/node_modules/rc/node_modules/config-chain/package.json
320 verbose from cache /usr/local/lib/node_modules/bower/node_modules/rc/node_modules/optimist/package.json
321 verbose read json /usr/local/lib/node_modules/bower/node_modules/unzip/node_modules/fstream/package.json
322 verbose from cache /usr/local/lib/node_modules/bower/node_modules/unzip/node_modules/pullstream/package.json
323 verbose from cache /usr/local/lib/node_modules/bower/node_modules/unzip/node_modules/binary/package.json
324 verbose read json /usr/local/lib/node_modules/mocha/node_modules/jade/node_modules/commander/package.json
325 verbose from cache /usr/local/lib/node_modules/mocha/node_modules/jade/node_modules/mkdirp/package.json
326 verbose from cache /usr/local/lib/node_modules/npm/node_modules/fstream-npm/node_modules/fstream-ignore/package.json
327 verbose read json /usr/local/lib/node_modules/npm/node_modules/fstream-npm/node_modules/inherits/package.json
328 verbose from cache /usr/local/lib/node_modules/npm/node_modules/npmconf/node_modules/config-chain/package.json
329 verbose read json /usr/local/lib/node_modules/npm/node_modules/npmconf/node_modules/inherits/package.json
330 verbose read json /usr/local/lib/node_modules/npm/node_modules/npmconf/node_modules/once/package.json
331 verbose read json /usr/local/lib/node_modules/npm/node_modules/npmconf/node_modules/mkdirp/package.json
332 verbose read json /usr/local/lib/node_modules/npm/node_modules/npmconf/node_modules/osenv/package.json
333 verbose read json /usr/local/lib/node_modules/npm/node_modules/npmconf/node_modules/nopt/package.json
334 verbose read json /usr/local/lib/node_modules/bower/node_modules/glob/node_modules/minimatch/node_modules/lru-cache/package.json
335 verbose read json /usr/local/lib/node_modules/bower/node_modules/glob/node_modules/minimatch/node_modules/sigmund/package.json
336 verbose from cache /usr/local/lib/node_modules/npm/node_modules/init-package-json/node_modules/promzard/package.json
337 verbose read json /usr/local/lib/node_modules/npm/node_modules/init-package-json/node_modules/read/package.json
338 verbose read json /usr/local/lib/node_modules/npm/node_modules/init-package-json/node_modules/read-package-json/package.json
339 verbose read json /usr/local/lib/node_modules/npm/node_modules/init-package-json/node_modules/semver/package.json
340 verbose from cache /usr/local/lib/node_modules/npm/node_modules/read/node_modules/mute-stream/package.json
341 verbose read json /usr/local/lib/node_modules/bower/node_modules/read-package-json/node_modules/npmlog/node_modules/.bin/package.json
342 verbose read json /usr/local/lib/node_modules/bower/node_modules/read-package-json/node_modules/npmlog/node_modules/ansi/package.json
343 verbose read json /usr/local/lib/node_modules/bower/node_modules/rc/node_modules/config-chain/node_modules/ini/package.json
344 verbose read json /usr/local/lib/node_modules/bower/node_modules/rc/node_modules/config-chain/node_modules/proto-list/package.json
345 verbose read json /usr/local/lib/node_modules/bower/node_modules/rc/node_modules/optimist/node_modules/wordwrap/package.json
346 verbose read json /usr/local/lib/node_modules/bower/node_modules/unzip/node_modules/pullstream/node_modules/over/package.json
347 verbose read json /usr/local/lib/node_modules/bower/node_modules/unzip/node_modules/pullstream/node_modules/stream-buffers/package.json
348 verbose read json /usr/local/lib/node_modules/bower/node_modules/unzip/node_modules/binary/node_modules/buffers/package.json
349 verbose read json /usr/local/lib/node_modules/bower/node_modules/unzip/node_modules/binary/node_modules/chainsaw/package.json
350 verbose read json /usr/local/lib/node_modules/npm/node_modules/npmconf/node_modules/config-chain/node_modules/proto-list/package.json
351 verbose read json /usr/local/lib/node_modules/bower/node_modules/tar/node_modules/block-stream/node_modules/inherits/package.json
352 verbose read json /usr/local/lib/node_modules/npm/node_modules/fstream-npm/node_modules/fstream-ignore/node_modules/minimatch/package.json
353 verbose read json /usr/local/lib/node_modules/npm/node_modules/fstream-npm/node_modules/fstream-ignore/node_modules/fstream/package.json
354 verbose read json /usr/local/lib/node_modules/npm/node_modules/fstream-npm/node_modules/fstream-ignore/node_modules/inherits/package.json
355 verbose read json /usr/local/lib/node_modules/npm/node_modules/init-package-json/node_modules/promzard/node_modules/read/package.json
356 verbose from cache /usr/local/lib/node_modules/bower/node_modules/request/node_modules/form-data/package.json
357 verbose from cache /usr/local/lib/node_modules/bower/node_modules/request/node_modules/mime/package.json
358 verbose from cache /usr/local/lib/node_modules/jshint/node_modules/minimatch/node_modules/lru-cache/package.json
359 verbose from cache /usr/local/lib/node_modules/jshint/node_modules/cli/node_modules/glob/package.json
360 verbose read json /usr/local/lib/node_modules/bower/node_modules/request/node_modules/form-data/node_modules/async/package.json
361 verbose read json /usr/local/lib/node_modules/bower/node_modules/request/node_modules/form-data/node_modules/combined-stream/package.json
362 verbose from cache /usr/local/lib/node_modules/grunt/node_modules/glob-whatev/node_modules/minimatch/package.json
363 verbose from cache /usr/local/lib/node_modules/grunt/node_modules/nodeunit/node_modules/tap-assert/package.json
364 verbose from cache /usr/local/lib/node_modules/grunt/node_modules/nodeunit/node_modules/tap-producer/package.json
365 verbose read json /usr/local/lib/node_modules/grunt/node_modules/prompt/node_modules/async/package.json
366 verbose read json /usr/local/lib/node_modules/grunt/node_modules/prompt/node_modules/colors/package.json
367 verbose from cache /usr/local/lib/node_modules/grunt/node_modules/prompt/node_modules/pkginfo/package.json
368 verbose from cache /usr/local/lib/node_modules/grunt/node_modules/prompt/node_modules/winston/package.json
369 verbose from cache /usr/local/lib/node_modules/grunt/node_modules/jshint/node_modules/argsparser/package.json
370 verbose from cache /usr/local/lib/node_modules/grunt/node_modules/jshint/node_modules/minimatch/package.json
371 verbose from cache /usr/local/lib/node_modules/grunt/node_modules/connect/node_modules/qs/package.json
372 verbose from cache /usr/local/lib/node_modules/grunt/node_modules/connect/node_modules/formidable/package.json
373 verbose from cache /usr/local/lib/node_modules/grunt/node_modules/connect/node_modules/crc/package.json
374 verbose from cache /usr/local/lib/node_modules/grunt/node_modules/connect/node_modules/cookie/package.json
375 verbose from cache /usr/local/lib/node_modules/grunt/node_modules/connect/node_modules/bytes/package.json
376 verbose from cache /usr/local/lib/node_modules/grunt/node_modules/connect/node_modules/send/package.json
377 verbose from cache /usr/local/lib/node_modules/grunt/node_modules/connect/node_modules/fresh/package.json
378 verbose from cache /usr/local/lib/node_modules/grunt/node_modules/connect/node_modules/debug/package.json
379 verbose from cache /usr/local/lib/node_modules/grunt/node_modules/nopt/node_modules/abbrev/package.json
380 verbose from cache /usr/local/lib/node_modules/grunt/node_modules/temporary/node_modules/package/package.json
381 verbose from cache /usr/local/lib/node_modules/bower/node_modules/glob/node_modules/minimatch/node_modules/lru-cache/package.json
382 verbose from cache /usr/local/lib/node_modules/bower/node_modules/glob/node_modules/minimatch/node_modules/sigmund/package.json
383 verbose read json /usr/local/lib/node_modules/jshint/node_modules/cli/node_modules/glob/node_modules/graceful-fs/package.json
384 verbose read json /usr/local/lib/node_modules/jshint/node_modules/cli/node_modules/glob/node_modules/inherits/package.json
385 verbose read json /usr/local/lib/node_modules/jshint/node_modules/cli/node_modules/glob/node_modules/minimatch/package.json
386 verbose from cache /usr/local/lib/node_modules/bower/node_modules/read-package-json/node_modules/npmlog/node_modules/ansi/package.json
387 verbose from cache /usr/local/lib/node_modules/bower/node_modules/rc/node_modules/config-chain/node_modules/proto-list/package.json
388 verbose from cache /usr/local/lib/node_modules/bower/node_modules/rc/node_modules/config-chain/node_modules/ini/package.json
389 verbose from cache /usr/local/lib/node_modules/bower/node_modules/rc/node_modules/optimist/node_modules/wordwrap/package.json
390 verbose from cache /usr/local/lib/node_modules/bower/node_modules/unzip/node_modules/pullstream/node_modules/over/package.json
391 verbose from cache /usr/local/lib/node_modules/bower/node_modules/unzip/node_modules/pullstream/node_modules/stream-buffers/package.json
392 verbose from cache /usr/local/lib/node_modules/npm/node_modules/npmconf/node_modules/config-chain/node_modules/proto-list/package.json
393 verbose read json /usr/local/lib/node_modules/npm/node_modules/npmconf/node_modules/config-chain/node_modules/ini/package.json
394 verbose from cache /usr/local/lib/node_modules/grunt/node_modules/gzip-js/node_modules/crc32/package.json
395 verbose from cache /usr/local/lib/node_modules/grunt/node_modules/gzip-js/node_modules/deflate-js/package.json
396 verbose from cache /usr/local/lib/node_modules/bower/node_modules/unzip/node_modules/binary/node_modules/chainsaw/package.json
397 verbose from cache /usr/local/lib/node_modules/bower/node_modules/unzip/node_modules/binary/node_modules/buffers/package.json
398 verbose read json /usr/local/lib/node_modules/grunt/node_modules/glob-whatev/node_modules/minimatch/node_modules/lru-cache/package.json
399 verbose read json /usr/local/lib/node_modules/grunt/node_modules/nodeunit/node_modules/tap-producer/node_modules/inherits/package.json
400 verbose read json /usr/local/lib/node_modules/grunt/node_modules/nodeunit/node_modules/tap-producer/node_modules/tap-results/package.json
401 verbose read json /usr/local/lib/node_modules/grunt/node_modules/nodeunit/node_modules/tap-producer/node_modules/yamlish/package.json
402 verbose read json /usr/local/lib/node_modules/grunt/node_modules/prompt/node_modules/winston/node_modules/eyes/package.json
403 verbose read json /usr/local/lib/node_modules/grunt/node_modules/prompt/node_modules/winston/node_modules/loggly/package.json
404 verbose read json /usr/local/lib/node_modules/grunt/node_modules/prompt/node_modules/winston/node_modules/stack-trace/package.json
405 verbose read json /usr/local/lib/node_modules/grunt/node_modules/jshint/node_modules/minimatch/node_modules/lru-cache/package.json
406 verbose read json /usr/local/lib/node_modules/grunt/node_modules/connect/node_modules/send/node_modules/mime/package.json
407 verbose read json /usr/local/lib/node_modules/grunt/node_modules/connect/node_modules/send/node_modules/range-parser/package.json
408 verbose read json /usr/local/lib/node_modules/bower/node_modules/unzip/node_modules/binary/node_modules/chainsaw/node_modules/traverse/package.json
409 verbose from cache /usr/local/lib/node_modules/bower/node_modules/unzip/node_modules/binary/node_modules/chainsaw/node_modules/traverse/package.json
410 verbose from cache /usr/local/lib/node_modules/bower/node_modules/request/node_modules/form-data/node_modules/combined-stream/package.json
411 verbose read json /usr/local/lib/node_modules/bower/node_modules/request/node_modules/form-data/node_modules/mime/package.json
412 verbose from cache /usr/local/lib/node_modules/bower/node_modules/request/node_modules/form-data/node_modules/async/package.json
413 verbose from cache /usr/local/lib/node_modules/jshint/node_modules/cli/node_modules/glob/node_modules/minimatch/package.json
414 verbose from cache /usr/local/lib/node_modules/jshint/node_modules/cli/node_modules/glob/node_modules/graceful-fs/package.json
415 verbose from cache /usr/local/lib/node_modules/jshint/node_modules/cli/node_modules/glob/node_modules/inherits/package.json
416 verbose from cache /usr/local/lib/node_modules/grunt/node_modules/glob-whatev/node_modules/minimatch/node_modules/lru-cache/package.json
417 verbose from cache /usr/local/lib/node_modules/grunt/node_modules/nodeunit/node_modules/tap-producer/node_modules/inherits/package.json
418 verbose from cache /usr/local/lib/node_modules/grunt/node_modules/nodeunit/node_modules/tap-producer/node_modules/tap-results/package.json
419 verbose from cache /usr/local/lib/node_modules/grunt/node_modules/nodeunit/node_modules/tap-producer/node_modules/yamlish/package.json
420 verbose read json /usr/local/lib/node_modules/grunt/node_modules/prompt/node_modules/winston/node_modules/async/package.json
421 verbose read json /usr/local/lib/node_modules/grunt/node_modules/prompt/node_modules/winston/node_modules/colors/package.json
422 verbose from cache /usr/local/lib/node_modules/grunt/node_modules/prompt/node_modules/winston/node_modules/eyes/package.json
423 verbose from cache /usr/local/lib/node_modules/grunt/node_modules/prompt/node_modules/winston/node_modules/loggly/package.json
424 verbose read json /usr/local/lib/node_modules/grunt/node_modules/prompt/node_modules/winston/node_modules/pkginfo/package.json
425 verbose from cache /usr/local/lib/node_modules/grunt/node_modules/prompt/node_modules/winston/node_modules/stack-trace/package.json
426 verbose read json /usr/local/lib/node_modules/bower/node_modules/request/node_modules/form-data/node_modules/combined-stream/node_modules/delayed-stream/package.json
427 verbose read json /usr/local/lib/node_modules/jshint/node_modules/cli/node_modules/glob/node_modules/minimatch/node_modules/lru-cache/package.json
428 verbose from cache /usr/local/lib/node_modules/grunt/node_modules/jshint/node_modules/minimatch/node_modules/lru-cache/package.json
429 verbose read json /usr/local/lib/node_modules/grunt/node_modules/prompt/node_modules/winston/node_modules/loggly/node_modules/request/package.json
430 verbose read json /usr/local/lib/node_modules/grunt/node_modules/prompt/node_modules/winston/node_modules/loggly/node_modules/timespan/package.json
431 verbose read json /usr/local/lib/node_modules/grunt/node_modules/connect/node_modules/send/node_modules/debug/package.json
432 verbose from cache /usr/local/lib/node_modules/grunt/node_modules/connect/node_modules/send/node_modules/mime/package.json
433 verbose read json /usr/local/lib/node_modules/grunt/node_modules/connect/node_modules/send/node_modules/fresh/package.json
434 verbose from cache /usr/local/lib/node_modules/grunt/node_modules/connect/node_modules/send/node_modules/range-parser/package.json
435 verbose read json /usr/local/lib/node_modules/grunt/node_modules/nodeunit/node_modules/tap-producer/node_modules/tap-results/node_modules/inherits/package.json
436 verbose from cache /usr/local/lib/node_modules/jshint/node_modules/cli/node_modules/glob/node_modules/minimatch/node_modules/lru-cache/package.json
437 verbose from cache /usr/local/lib/node_modules/grunt/node_modules/prompt/node_modules/winston/node_modules/loggly/node_modules/request/package.json
438 verbose from cache /usr/local/lib/node_modules/grunt/node_modules/prompt/node_modules/winston/node_modules/loggly/node_modules/timespan/package.json
439 verbose from cache /usr/local/lib/node_modules/bower/node_modules/request/node_modules/form-data/node_modules/combined-stream/node_modules/delayed-stream/package.json
440 http 304 https://registry.npmjs.org/yeoman
441 silly registry.get cb [ 304,
441 silly registry.get   { server: 'CouchDB/1.2.0 (Erlang OTP/R15B)',
441 silly registry.get     etag: '"2V3KNVESJEHKZNYAR1EG6GCC3"',
441 silly registry.get     date: 'Tue, 18 Dec 2012 16:18:12 GMT',
441 silly registry.get     'content-length': '0' } ]
442 verbose etag yeoman from cache
443 silly addNameRange number 2 { name: 'yeoman', range: '', hasData: true }
444 silly addNameRange versions [ 'yeoman',
444 silly addNameRange   [ '0.0.1',
444 silly addNameRange     '0.7.0',
444 silly addNameRange     '0.7.1',
444 silly addNameRange     '0.7.2',
444 silly addNameRange     '0.7.3',
444 silly addNameRange     '0.9.0',
444 silly addNameRange     '0.9.1',
444 silly addNameRange     '0.9.2',
444 silly addNameRange     '0.9.3',
444 silly addNameRange     '0.9.4',
444 silly addNameRange     '0.9.5',
444 silly addNameRange     '0.9.6' ] ]
445 verbose addNamed [ 'yeoman', '0.9.6' ]
446 verbose addNamed [ '0.9.6', '0.9.6' ]
447 silly lockFile 72540a0c-yeoman-0-9-6 yeoman@0.9.6
448 verbose lock yeoman@0.9.6 /Users/remcoder/.npm/72540a0c-yeoman-0-9-6.lock
449 verbose read json /Users/remcoder/.npm/yeoman/0.9.6/package/package.json
450 silly lockFile 72540a0c-yeoman-0-9-6 yeoman@0.9.6
451 silly lockFile fd94f358-yeoman yeoman@*
452 info outdated updating [ [ '/usr/local/lib', 'yeoman', '0.9.5', '0.9.6' ] ]
453 verbose install where,what [ '/usr/local/lib', [ 'yeoman@0.9.6' ] ]
454 verbose read json /usr/local/lib/package.json
455 verbose read json /usr/local/lib/package.json
456 verbose cache add [ 'yeoman@0.9.6', null ]
457 silly cache add name=undefined spec="yeoman@0.9.6" args=["yeoman@0.9.6",null]
458 verbose parsed url { pathname: 'yeoman@0.9.6',
458 verbose parsed url   path: 'yeoman@0.9.6',
458 verbose parsed url   href: 'yeoman@0.9.6' }
459 silly cache add name="yeoman" spec="0.9.6" args=["yeoman","0.9.6"]
460 verbose parsed url { pathname: '0.9.6', path: '0.9.6', href: '0.9.6' }
461 verbose addNamed [ 'yeoman', '0.9.6' ]
462 verbose addNamed [ '0.9.6', '0.9.6' ]
463 silly lockFile 72540a0c-yeoman-0-9-6 yeoman@0.9.6
464 verbose lock yeoman@0.9.6 /Users/remcoder/.npm/72540a0c-yeoman-0-9-6.lock
465 verbose url raw yeoman/0.9.6
466 verbose url resolving [ 'https://registry.npmjs.org/', './yeoman/0.9.6' ]
467 verbose url resolved https://registry.npmjs.org/yeoman/0.9.6
468 info trying registry request attempt 1 at 17:19:19
469 verbose etag "2V3KNVESJEHKZNYAR1EG6GCC3"
470 http GET https://registry.npmjs.org/yeoman/0.9.6
471 http 304 https://registry.npmjs.org/yeoman/0.9.6
472 silly registry.get cb [ 304,
472 silly registry.get   { server: 'CouchDB/1.2.0 (Erlang OTP/R15B)',
472 silly registry.get     etag: '"2V3KNVESJEHKZNYAR1EG6GCC3"',
472 silly registry.get     date: 'Tue, 18 Dec 2012 16:18:13 GMT',
472 silly registry.get     'content-length': '0' } ]
473 verbose etag yeoman/0.9.6 from cache
474 verbose from cache /Users/remcoder/.npm/yeoman/0.9.6/package/package.json
475 silly lockFile 72540a0c-yeoman-0-9-6 yeoman@0.9.6
476 silly resolved [ { name: 'yeoman',
476 silly resolved     version: '0.9.6',
476 silly resolved     description: 'The Yeoman CLI presents a command line interface for creating, building, maintaining, and shipping a project.',
476 silly resolved     keywords:
476 silly resolved      [ 'front-end',
476 silly resolved        'development',
476 silly resolved        'dev',
476 silly resolved        'build',
476 silly resolved        'web',
476 silly resolved        'tool',
476 silly resolved        'cli',
476 silly resolved        'scaffold',
476 silly resolved        'stack' ],
476 silly resolved     homepage: 'http://yeoman.io',
476 silly resolved     bugs: 'https://github.com/yeoman/yeoman/issues',
476 silly resolved     author: { name: 'Chrome Developer Relations' },
476 silly resolved     main: './yeoman',
476 silly resolved     bin:
476 silly resolved      { yeoman: './bin/yeoman',
476 silly resolved        _yeomaninsight: './bin/yeomaninsight.py' },
476 silly resolved     directories: { man: './man' },
476 silly resolved     repository: { type: 'git', url: 'git://github.com/yeoman/yeoman.git' },
476 silly resolved     scripts:
476 silly resolved      { test: 'node node_modules/mocha/bin/mocha test/test-*.js',
476 silly resolved        manpages: './scripts/docs-build' },
476 silly resolved     dependencies:
476 silly resolved      { grunt: 'http://github.com/cowboy/grunt/archive/0ba6d4b529.tar.gz',
476 silly resolved        'yeoman-generators': 'http://github.com/yeoman/generators/archive/0.9.5.tar.gz',
476 silly resolved        bower: '~0.3.0',
476 silly resolved        open: '0.0.2',
476 silly resolved        rimraf: '~2.0.1',
476 silly resolved        mkdirp: '~0.3.1',
476 silly resolved        requirejs: '~2.0.2',
476 silly resolved        'clean-css': '~0.3.2',
476 silly resolved        connect: '~2.2.1',
476 silly resolved        request: '~2.9.200',
476 silly resolved        'html-minifier': '~0.4.5',
476 silly resolved        which: '~1.0.5',
476 silly resolved        cheerio: '~0.9.2',
476 silly resolved        fstream: '~0.1.18',
476 silly resolved        'fstream-ignore': '0.0.5',
476 silly resolved        tar: '~0.1.13',
476 silly resolved        'coffee-script': '~1.3.3',
476 silly resolved        'grunt-jasmine-task': '~0.2.2',
476 silly resolved        'faye-websocket': '~0.4.2',
476 silly resolved        shelljs: '~0.0.6',
476 silly resolved        prompt: '~0.1.12',
476 silly resolved        colors: '~0.6.0',
476 silly resolved        'grunt-mocha': '~0.1.3',
476 silly resolved        'es6-collections': '>=0.2.0',
476 silly resolved        'grunt-contrib-coffee': '~0.3.1' },
476 silly resolved     devDependencies: { mocha: '~1.4.0', ronn: '~0.3.8' },
476 silly resolved     engines: { node: '>=0.8.0' },
476 silly resolved     man:
476 silly resolved      [ '/Users/remcoder/.npm/yeoman/0.9.6/package/man/bower.1',
476 silly resolved        '/Users/remcoder/.npm/yeoman/0.9.6/package/man/build.1',
476 silly resolved        '/Users/remcoder/.npm/yeoman/0.9.6/package/man/faq.1',
476 silly resolved        '/Users/remcoder/.npm/yeoman/0.9.6/package/man/folders.1',
476 silly resolved        '/Users/remcoder/.npm/yeoman/0.9.6/package/man/gruntfile.1',
476 silly resolved        '/Users/remcoder/.npm/yeoman/0.9.6/package/man/init.1',
476 silly resolved        '/Users/remcoder/.npm/yeoman/0.9.6/package/man/insight.1',
476 silly resolved        '/Users/remcoder/.npm/yeoman/0.9.6/package/man/serve.1',
476 silly resolved        '/Users/remcoder/.npm/yeoman/0.9.6/package/man/server.1',
476 silly resolved        '/Users/remcoder/.npm/yeoman/0.9.6/package/man/test.1',
476 silly resolved        '/Users/remcoder/.npm/yeoman/0.9.6/package/man/yeoman.1' ],
476 silly resolved     readme: '# Yeoman CLI\n\nThe Yeoman CLI presents a command-line interface for creating, building, maintaining, and shipping a project.\n\nFor more information, see the project [readme](https://github.com/yeoman/yeoman#welcome-friend).\n',
476 silly resolved     _id: 'yeoman@0.9.6',
476 silly resolved     _from: 'yeoman@0.9.6' } ]
477 info install yeoman@0.9.6 into /usr/local/lib
478 info installOne yeoman@0.9.6
479 verbose from cache /Users/remcoder/.npm/yeoman/0.9.6/package/package.json
480 info /usr/local/lib/node_modules/yeoman unbuild
481 verbose from cache /usr/local/lib/node_modules/yeoman/package.json
482 info preuninstall yeoman@0.9.5
483 info uninstall yeoman@0.9.5
484 verbose true,/usr/local/lib/node_modules,/usr/local/lib/node_modules unbuild yeoman@0.9.5
485 verbose /usr/local/bin,[object Object] binRoot
486 info /usr/local/lib/node_modules/yeoman unbuild
487 verbose read json /usr/local/lib/node_modules/yeoman/package.json
488 info preuninstall yeoman@0.9.5
489 info uninstall yeoman@0.9.5
490 verbose true,/usr/local/lib/node_modules,/usr/local/lib/node_modules unbuild yeoman@0.9.5
491 verbose /usr/local/bin,[object Object] binRoot
492 error error rolling back Error: EPERM, chmod '/usr/local/bin/yeoman'
492 error error rolling back  yeoman@0.9.6 { [Error: EPERM, chmod '/usr/local/bin/yeoman'] errno: 50, code: 'EPERM', path: '/usr/local/bin/yeoman' }
493 error Error: EPERM, chmod '/usr/local/bin/yeoman'
493 error  { [Error: EPERM, chmod '/usr/local/bin/yeoman'] errno: 50, code: 'EPERM', path: '/usr/local/bin/yeoman' }
494 error Please try running this command again as root/Administrator.
495 error System Darwin 12.2.0
496 error command "node" "/usr/local/bin/npm" "update" "-g" "yeoman"
497 error cwd /Users/remcoder/projects/getusermedia-example
498 error node -v v0.8.9
499 error npm -v 1.1.61
500 error path /usr/local/bin/yeoman
501 error code EPERM
502 error errno 50
503 error stack Error: EPERM, chmod '/usr/local/bin/yeoman'
504 verbose exit [ 50, true ]
